<?xml version="1.0" encoding="UTF-8"?>
<!-- Generated by org.testng.reporters.JUnitReportReporter -->
<testsuite hostname="LAPTOP-7GK964JT" failures="0" tests="2" name="demopro.AddUsertest" time="25.282" errors="0" timestamp="2021-12-05T01:21:22 EET" skipped="0">
  <testcase classname="demopro.AddUsertest" name="login" time="4.972"/>
  <system-out/>
  <testcase classname="demopro.AddUsertest" name="Addusers" time="20.310"/>
  <system-out/>
</testsuite> <!-- demopro.AddUsertest -->
